mysqldump --single-transaction --quick --lock-tables=false -u _407c16ac2c395d5c -p********** _407c16ac2c395d5c -h 127.0.0.1 -P 3306   | /usr/bin/gzip >> ./library.test/private/backups/20220617_120013-library_test-database.sql.gz

Backup Summary for library.test at 2022-06-17 12:00:22.430077
Config  : ./library.test/private/backups/20220617_120013-library_test-site_config_backup.json 126.0B
Database: ./library.test/private/backups/20220617_120013-library_test-database.sql.gz         267.1KiB
Backup for Site library.test has been successfully completed
mysqldump --single-transaction --quick --lock-tables=false -u _407c16ac2c395d5c -p********** _407c16ac2c395d5c -h 127.0.0.1 -P 3306   | /usr/bin/gzip >> ./library.test/private/backups/20220617_180040-library_test-database.sql.gz

Backup Summary for library.test at 2022-06-17 18:01:23.217098
Config  : ./library.test/private/backups/20220617_180040-library_test-site_config_backup.json 126.0B
Database: ./library.test/private/backups/20220617_180040-library_test-database.sql.gz         268.3KiB
Backup for Site library.test has been successfully completed
mysqldump --single-transaction --quick --lock-tables=false -u _407c16ac2c395d5c -p********** _407c16ac2c395d5c -h 127.0.0.1 -P 3306   | /usr/bin/gzip >> ./library.test/private/backups/20220619_120044-library_test-database.sql.gz

Backup Summary for library.test at 2022-06-19 12:01:05.899914
Config  : ./library.test/private/backups/20220619_120044-library_test-site_config_backup.json 193.0B
Database: ./library.test/private/backups/20220619_120044-library_test-database.sql.gz         272.5KiB
Backup for Site library.test has been successfully completed
mysqldump --single-transaction --quick --lock-tables=false -u _407c16ac2c395d5c -p********** _407c16ac2c395d5c -h 127.0.0.1 -P 3306   | /usr/bin/gzip >> ./library.test/private/backups/20220620_180336-library_test-database.sql.gz

Backup Summary for library.test at 2022-06-20 18:04:23.103462
Config  : ./library.test/private/backups/20220620_180336-library_test-site_config_backup.json 193.0B
Database: ./library.test/private/backups/20220620_180336-library_test-database.sql.gz         272.5KiB
Backup for Site library.test has been successfully completed
mysqldump --single-transaction --quick --lock-tables=false -u _407c16ac2c395d5c -p********** _407c16ac2c395d5c -h 127.0.0.1 -P 3306   | /usr/bin/gzip >> ./library.test/private/backups/20220621_120026-library_test-database.sql.gz

Backup Summary for library.test at 2022-06-21 12:00:40.855518
Config  : ./library.test/private/backups/20220621_120026-library_test-site_config_backup.json 193.0B
Database: ./library.test/private/backups/20220621_120026-library_test-database.sql.gz         273.3KiB
Backup for Site library.test has been successfully completed
mysqldump --single-transaction --quick --lock-tables=false -u _407c16ac2c395d5c -p********** _407c16ac2c395d5c -h 127.0.0.1 -P 3306   | /usr/bin/gzip >> ./library.test/private/backups/20220621_180033-library_test-database.sql.gz

Backup Summary for library.test at 2022-06-21 18:00:44.327843
Config  : ./library.test/private/backups/20220621_180033-library_test-site_config_backup.json 193.0B
Database: ./library.test/private/backups/20220621_180033-library_test-database.sql.gz         282.1KiB
Backup for Site library.test has been successfully completed
